# JRE version: OpenJDK Runtime Environment Temurin-17.0.5+8 (17.0.5+8) (build 17.0.5+8)
# Java VM: OpenJDK 64-Bit Server VM Temurin-17.0.5+8 (17.0.5+8, mixed mode, emulated-client, tiered, compressed oops, compressed class ptrs, g1 gc, windows-amd64)
GC Precious Log:
 CPUs: 2 total, 2 available
 Memory: 7108M
 Large Page Support: Disabled
 NUMA Support: Disabled
 Compressed Oops: Enabled (32-bit)
 Heap Region Size: 1M
 Heap Min Capacity: 8M
 Heap Initial Capacity: 112M
 Heap Max Capacity: 1778M
 Pre-touch: Disabled
 Parallel Workers: 2
 Concurrent Workers: 1
 Concurrent Refinement Workers: 2
 Periodic GC: Disabled
Heap:
 garbage-first heap   total 119808K, used 36799K [0x0000000090e00000, 0x0000000100000000)
  region size 1024K, 1 young (1024K), 0 survivors (0K)
 Metaspace       used 54330K, committed 54784K, reserved 1097728K
  class space    used 7208K, committed 7424K, reserved 1048576K
GC Heap History (20 events):
Event: 18925.077 GC heap before
{Heap before GC invocations=1436 (full 1272):
 garbage-first heap   total 119808K, used 36799K [0x0000000090e00000, 0x0000000100000000)
  region size 1024K, 1 young (1024K), 0 survivors (0K)
 Metaspace       used 54330K, committed 54784K, reserved 1097728K
  class space    used 7208K, committed 7424K, reserved 1048576K
}
Event: 18925.140 GC heap after
{Heap after GC invocations=1437 (full 1273):
 garbage-first heap   total 119808K, used 36799K [0x0000000090e00000, 0x0000000100000000)
  region size 1024K, 0 young (0K), 0 survivors (0K)
 Metaspace       used 54330K, committed 54784K, reserved 1097728K
  class space    used 7208K, committed 7424K, reserved 1048576K
}
Event: 18935.646 GC heap before
{Heap before GC invocations=1437 (full 1273):
 garbage-first heap   total 119808K, used 36799K [0x0000000090e00000, 0x0000000100000000)
  region size 1024K, 1 young (1024K), 0 survivors (0K)
 Metaspace       used 54330K, committed 54784K, reserved 1097728K
  class space    used 7208K, committed 7424K, reserved 1048576K
}
Event: 18935.716 GC heap after
{Heap after GC invocations=1438 (full 1274):
 garbage-first heap   total 119808K, used 36799K [0x0000000090e00000, 0x0000000100000000)
  region size 1024K, 0 young (0K), 0 survivors (0K)
 Metaspace       used 54330K, committed 54784K, reserved 1097728K
  class space    used 7208K, committed 7424K, reserved 1048576K
}
Event: 18975.955 GC heap before
{Heap before GC invocations=1438 (full 1274):
 garbage-first heap   total 119808K, used 36799K [0x0000000090e00000, 0x0000000100000000)
  region size 1024K, 1 young (1024K), 0 survivors (0K)
 Metaspace       used 54330K, committed 54784K, reserved 1097728K
  class space    used 7208K, committed 7424K, reserved 1048576K
}
Event: 18976.022 GC heap after
{Heap after GC invocations=1439 (full 1275):
 garbage-first heap   total 119808K, used 36799K [0x0000000090e00000, 0x0000000100000000)
  region size 1024K, 0 young (0K), 0 survivors (0K)
 Metaspace       used 54330K, committed 54784K, reserved 1097728K
  class space    used 7208K, committed 7424K, reserved 1048576K
}
Event: 18986.332 GC heap before
{Heap before GC invocations=1439 (full 1275):
 garbage-first heap   total 119808K, used 36799K [0x0000000090e00000, 0x0000000100000000)
  region size 1024K, 1 young (1024K), 0 survivors (0K)
 Metaspace       used 54330K, committed 54784K, reserved 1097728K
  class space    used 7208K, committed 7424K, reserved 1048576K
}
Event: 18986.451 GC heap after
{Heap after GC invocations=1440 (full 1276):
 garbage-first heap   total 119808K, used 36799K [0x0000000090e00000, 0x0000000100000000)
  region size 1024K, 0 young (0K), 0 survivors (0K)
 Metaspace       used 54330K, committed 54784K, reserved 1097728K
  class space    used 7208K, committed 7424K, reserved 1048576K
}
Event: 18996.672 GC heap before
{Heap before GC invocations=1440 (full 1276):
 garbage-first heap   total 119808K, used 36799K [0x0000000090e00000, 0x0000000100000000)
  region size 1024K, 1 young (1024K), 0 survivors (0K)
 Metaspace       used 54330K, committed 54784K, reserved 1097728K
  class space    used 7208K, committed 7424K, reserved 1048576K
}
Event: 18996.734 GC heap after
{Heap after GC invocations=1441 (full 1277):
 garbage-first heap   total 119808K, used 36799K [0x0000000090e00000, 0x0000000100000000)
  region size 1024K, 0 young (0K), 0 survivors (0K)
 Metaspace       used 54330K, committed 54784K, reserved 1097728K
  class space    used 7208K, committed 7424K, reserved 1048576K
}
Event: 19006.966 GC heap before
{Heap before GC invocations=1441 (full 1277):
 garbage-first heap   total 119808K, used 36799K [0x0000000090e00000, 0x0000000100000000)
  region size 1024K, 1 young (1024K), 0 survivors (0K)
 Metaspace       used 54330K, committed 54784K, reserved 1097728K
  class space    used 7208K, committed 7424K, reserved 1048576K
}
Event: 19007.030 GC heap after
{Heap after GC invocations=1442 (full 1278):
 garbage-first heap   total 119808K, used 36799K [0x0000000090e00000, 0x0000000100000000)
  region size 1024K, 0 young (0K), 0 survivors (0K)
 Metaspace       used 54330K, committed 54784K, reserved 1097728K
  class space    used 7208K, committed 7424K, reserved 1048576K
}
Event: 19017.586 GC heap before
{Heap before GC invocations=1442 (full 1278):
 garbage-first heap   total 119808K, used 36799K [0x0000000090e00000, 0x0000000100000000)
  region size 1024K, 1 young (1024K), 0 survivors (0K)
 Metaspace       used 54330K, committed 54784K, reserved 1097728K
  class space    used 7208K, committed 7424K, reserved 1048576K
}
Event: 19017.649 GC heap after
{Heap after GC invocations=1443 (full 1279):
 garbage-first heap   total 119808K, used 36799K [0x0000000090e00000, 0x0000000100000000)
  region size 1024K, 0 young (0K), 0 survivors (0K)
 Metaspace       used 54330K, committed 54784K, reserved 1097728K
  class space    used 7208K, committed 7424K, reserved 1048576K
}
Event: 19067.869 GC heap before
{Heap before GC invocations=1443 (full 1279):
 garbage-first heap   total 119808K, used 36799K [0x0000000090e00000, 0x0000000100000000)
  region size 1024K, 1 young (1024K), 0 survivors (0K)
 Metaspace       used 54330K, committed 54784K, reserved 1097728K
  class space    used 7208K, committed 7424K, reserved 1048576K
}
Event: 19067.930 GC heap after
{Heap after GC invocations=1444 (full 1280):
 garbage-first heap   total 119808K, used 36799K [0x0000000090e00000, 0x0000000100000000)
  region size 1024K, 0 young (0K), 0 survivors (0K)
 Metaspace       used 54330K, committed 54784K, reserved 1097728K
  class space    used 7208K, committed 7424K, reserved 1048576K
}
Event: 19078.328 GC heap before
{Heap before GC invocations=1444 (full 1280):
 garbage-first heap   total 119808K, used 36799K [0x0000000090e00000, 0x0000000100000000)
  region size 1024K, 1 young (1024K), 0 survivors (0K)
 Metaspace       used 54330K, committed 54784K, reserved 1097728K
  class space    used 7208K, committed 7424K, reserved 1048576K
}
Event: 19078.447 GC heap after
{Heap after GC invocations=1445 (full 1281):
 garbage-first heap   total 119808K, used 36799K [0x0000000090e00000, 0x0000000100000000)
  region size 1024K, 0 young (0K), 0 survivors (0K)
 Metaspace       used 54330K, committed 54784K, reserved 1097728K
  class space    used 7208K, committed 7424K, reserved 1048576K
}
Event: 19188.819 GC heap before
{Heap before GC invocations=1445 (full 1281):
 garbage-first heap   total 119808K, used 37823K [0x0000000090e00000, 0x0000000100000000)
  region size 1024K, 2 young (2048K), 0 survivors (0K)
 Metaspace       used 54330K, committed 54784K, reserved 1097728K
  class space    used 7208K, committed 7424K, reserved 1048576K
}
Event: 19188.885 GC heap after
{Heap after GC invocations=1446 (full 1282):
 garbage-first heap   total 119808K, used 36799K [0x0000000090e00000, 0x0000000100000000)
  region size 1024K, 0 young (0K), 0 survivors (0K)
 Metaspace       used 54330K, committed 54784K, reserved 1097728K
  class space    used 7208K, committed 7424K, reserved 1048576K
}

