# JRE version: OpenJDK Runtime Environment Temurin-17.0.5+8 (17.0.5+8) (build 17.0.5+8)
# Java VM: OpenJDK 64-Bit Server VM Temurin-17.0.5+8 (17.0.5+8, mixed mode, emulated-client, tiered, compressed oops, compressed class ptrs, g1 gc, windows-amd64)
GC Precious Log:
 CPUs: 2 total, 2 available
 Memory: 7108M
 Large Page Support: Disabled
 NUMA Support: Disabled
 Compressed Oops: Enabled (32-bit)
 Heap Region Size: 1M
 Heap Min Capacity: 8M
 Heap Initial Capacity: 112M
 Heap Max Capacity: 1778M
 Pre-touch: Disabled
 Parallel Workers: 2
 Concurrent Workers: 1
 Concurrent Refinement Workers: 2
 Periodic GC: Disabled
Heap:
 garbage-first heap   total 216064K, used 84835K [0x0000000090e00000, 0x0000000100000000)
  region size 1024K, 7 young (7168K), 7 survivors (7168K)
 Metaspace       used 38625K, committed 39040K, reserved 1089536K
  class space    used 4906K, committed 5120K, reserved 1048576K
GC Heap History (20 events):
Event: 10.703 GC heap after
{Heap after GC invocations=18 (full 0):
 garbage-first heap   total 75776K, used 36176K [0x0000000090e00000, 0x0000000100000000)
  region size 1024K, 4 young (4096K), 4 survivors (4096K)
 Metaspace       used 36903K, committed 37248K, reserved 1081344K
  class space    used 4717K, committed 4864K, reserved 1048576K
}
Event: 10.885 GC heap before
{Heap before GC invocations=18 (full 0):
 garbage-first heap   total 75776K, used 55632K [0x0000000090e00000, 0x0000000100000000)
  region size 1024K, 24 young (24576K), 4 survivors (4096K)
 Metaspace       used 37372K, committed 37696K, reserved 1089536K
  class space    used 4725K, committed 4864K, reserved 1048576K
}
Event: 10.901 GC heap after
{Heap after GC invocations=19 (full 0):
 garbage-first heap   total 75776K, used 39668K [0x0000000090e00000, 0x0000000100000000)
  region size 1024K, 3 young (3072K), 3 survivors (3072K)
 Metaspace       used 37372K, committed 37696K, reserved 1089536K
  class space    used 4725K, committed 4864K, reserved 1048576K
}
Event: 11.054 GC heap before
{Heap before GC invocations=19 (full 0):
 garbage-first heap   total 75776K, used 58100K [0x0000000090e00000, 0x0000000100000000)
  region size 1024K, 21 young (21504K), 3 survivors (3072K)
 Metaspace       used 37648K, committed 37952K, reserved 1089536K
  class space    used 4753K, committed 4864K, reserved 1048576K
}
Event: 11.076 GC heap after
{Heap after GC invocations=20 (full 0):
 garbage-first heap   total 75776K, used 45856K [0x0000000090e00000, 0x0000000100000000)
  region size 1024K, 3 young (3072K), 3 survivors (3072K)
 Metaspace       used 37648K, committed 37952K, reserved 1089536K
  class space    used 4753K, committed 4864K, reserved 1048576K
}
Event: 11.255 GC heap before
{Heap before GC invocations=21 (full 0):
 garbage-first heap   total 89088K, used 58144K [0x0000000090e00000, 0x0000000100000000)
  region size 1024K, 15 young (15360K), 3 survivors (3072K)
 Metaspace       used 37817K, committed 38080K, reserved 1089536K
  class space    used 4767K, committed 4864K, reserved 1048576K
}
Event: 11.274 GC heap after
{Heap after GC invocations=22 (full 0):
 garbage-first heap   total 89088K, used 50954K [0x0000000090e00000, 0x0000000100000000)
  region size 1024K, 2 young (2048K), 2 survivors (2048K)
 Metaspace       used 37817K, committed 38080K, reserved 1089536K
  class space    used 4767K, committed 4864K, reserved 1048576K
}
Event: 11.325 GC heap before
{Heap before GC invocations=22 (full 0):
 garbage-first heap   total 89088K, used 56074K [0x0000000090e00000, 0x0000000100000000)
  region size 1024K, 4 young (4096K), 2 survivors (2048K)
 Metaspace       used 37831K, committed 38144K, reserved 1089536K
  class space    used 4771K, committed 4928K, reserved 1048576K
}
Event: 11.334 GC heap after
{Heap after GC invocations=23 (full 0):
 garbage-first heap   total 89088K, used 56596K [0x0000000090e00000, 0x0000000100000000)
  region size 1024K, 1 young (1024K), 1 survivors (1024K)
 Metaspace       used 37831K, committed 38144K, reserved 1089536K
  class space    used 4771K, committed 4928K, reserved 1048576K
}
Event: 11.678 GC heap before
{Heap before GC invocations=23 (full 0):
 garbage-first heap   total 89088K, used 67860K [0x0000000090e00000, 0x0000000100000000)
  region size 1024K, 12 young (12288K), 1 survivors (1024K)
 Metaspace       used 38083K, committed 38464K, reserved 1089536K
  class space    used 4816K, committed 4992K, reserved 1048576K
}
Event: 11.702 GC heap after
{Heap after GC invocations=24 (full 0):
 garbage-first heap   total 216064K, used 61564K [0x0000000090e00000, 0x0000000100000000)
  region size 1024K, 2 young (2048K), 2 survivors (2048K)
 Metaspace       used 38083K, committed 38464K, reserved 1089536K
  class space    used 4816K, committed 4992K, reserved 1048576K
}
Event: 12.434 GC heap before
{Heap before GC invocations=25 (full 0):
 garbage-first heap   total 211968K, used 123004K [0x0000000090e00000, 0x0000000100000000)
  region size 1024K, 61 young (62464K), 2 survivors (2048K)
 Metaspace       used 38622K, committed 39040K, reserved 1089536K
  class space    used 4906K, committed 5120K, reserved 1048576K
}
Event: 12.484 GC heap after
{Heap after GC invocations=26 (full 0):
 garbage-first heap   total 211968K, used 77948K [0x0000000090e00000, 0x0000000100000000)
  region size 1024K, 8 young (8192K), 8 survivors (8192K)
 Metaspace       used 38622K, committed 39040K, reserved 1089536K
  class space    used 4906K, committed 5120K, reserved 1048576K
}
Event: 12.490 GC heap before
{Heap before GC invocations=26 (full 0):
 garbage-first heap   total 211968K, used 78972K [0x0000000090e00000, 0x0000000100000000)
  region size 1024K, 10 young (10240K), 8 survivors (8192K)
 Metaspace       used 38625K, committed 39040K, reserved 1089536K
  class space    used 4906K, committed 5120K, reserved 1048576K
}
Event: 12.503 GC heap after
{Heap after GC invocations=27 (full 0):
 garbage-first heap   total 211968K, used 78972K [0x0000000090e00000, 0x0000000100000000)
  region size 1024K, 1 young (1024K), 1 survivors (1024K)
 Metaspace       used 38625K, committed 39040K, reserved 1089536K
  class space    used 4906K, committed 5120K, reserved 1048576K
}
Event: 12.563 GC heap before
{Heap before GC invocations=27 (full 0):
 garbage-first heap   total 211968K, used 128124K [0x0000000090e00000, 0x0000000100000000)
  region size 1024K, 50 young (51200K), 1 survivors (1024K)
 Metaspace       used 38625K, committed 39040K, reserved 1089536K
  class space    used 4906K, committed 5120K, reserved 1048576K
}
Event: 12.566 GC heap after
{Heap after GC invocations=28 (full 0):
 garbage-first heap   total 211968K, used 80277K [0x0000000090e00000, 0x0000000100000000)
  region size 1024K, 3 young (3072K), 3 survivors (3072K)
 Metaspace       used 38625K, committed 39040K, reserved 1089536K
  class space    used 4906K, committed 5120K, reserved 1048576K
}
Event: 12.670 GC heap before
{Heap before GC invocations=28 (full 0):
 garbage-first heap   total 211968K, used 134549K [0x0000000090e00000, 0x0000000100000000)
  region size 1024K, 57 young (58368K), 3 survivors (3072K)
 Metaspace       used 38625K, committed 39040K, reserved 1089536K
  class space    used 4906K, committed 5120K, reserved 1048576K
}
Event: 12.676 GC heap after
{Heap after GC invocations=29 (full 0):
 garbage-first heap   total 211968K, used 82432K [0x0000000090e00000, 0x0000000100000000)
  region size 1024K, 5 young (5120K), 5 survivors (5120K)
 Metaspace       used 38625K, committed 39040K, reserved 1089536K
  class space    used 4906K, committed 5120K, reserved 1048576K
}
Event: 12.911 GC heap before
{Heap before GC invocations=29 (full 0):
 garbage-first heap   total 211968K, used 144896K [0x0000000090e00000, 0x0000000100000000)
  region size 1024K, 67 young (68608K), 5 survivors (5120K)
 Metaspace       used 38625K, committed 39040K, reserved 1089536K
  class space    used 4906K, committed 5120K, reserved 1048576K
}

