# JRE version: Java(TM) SE Runtime Environment (8.0_111-b14) (build 1.8.0_111-b14)
# Java VM: Java HotSpot(TM) 64-Bit Server VM (25.111-b14 mixed mode windows-amd64 compressed oops)
Heap:
 PSYoungGen      total 33280K, used 30055K [0x00000000daf80000, 0x00000000df080000, 0x0000000100000000)
  eden space 28672K, 88% used [0x00000000daf80000,0x00000000dc85d848,0x00000000dcb80000)
  from space 4608K, 99% used [0x00000000dd000000,0x00000000dd47c680,0x00000000dd480000)
  to   space 4608K, 0% used [0x00000000dcb80000,0x00000000dcb80000,0x00000000dd000000)
 ParOldGen       total 76800K, used 1699K [0x0000000090e00000, 0x0000000095900000, 0x00000000daf80000)
  object space 76800K, 2% used [0x0000000090e00000,0x0000000090fa8d80,0x0000000095900000)
 Metaspace       used 13737K, capacity 13982K, committed 14208K, reserved 1060864K
  class space    used 1713K, capacity 1814K, committed 1920K, reserved 1048576K
GC Heap History (4 events):
Event: 2.172 GC heap before
{Heap before GC invocations=1 (full 0):
 PSYoungGen      total 33280K, used 28672K [0x00000000daf80000, 0x00000000dd480000, 0x0000000100000000)
  eden space 28672K, 100% used [0x00000000daf80000,0x00000000dcb80000,0x00000000dcb80000)
  from space 4608K, 0% used [0x00000000dd000000,0x00000000dd000000,0x00000000dd480000)
  to   space 4608K, 0% used [0x00000000dcb80000,0x00000000dcb80000,0x00000000dd000000)
 ParOldGen       total 76800K, used 0K [0x0000000090e00000, 0x0000000095900000, 0x00000000daf80000)
  object space 76800K, 0% used [0x0000000090e00000,0x0000000090e00000,0x0000000095900000)
 Metaspace       used 8108K, capacity 8316K, committed 8576K, reserved 1056768K
  class space    used 984K, capacity 1052K, committed 1152K, reserved 1048576K
Event: 2.186 GC heap after
Heap after GC invocations=1 (full 0):
 PSYoungGen      total 33280K, used 4605K [0x00000000daf80000, 0x00000000dd480000, 0x0000000100000000)
  eden space 28672K, 0% used [0x00000000daf80000,0x00000000daf80000,0x00000000dcb80000)
  from space 4608K, 99% used [0x00000000dcb80000,0x00000000dcfff5d8,0x00000000dd000000)
  to   space 4608K, 0% used [0x00000000dd000000,0x00000000dd000000,0x00000000dd480000)
 ParOldGen       total 76800K, used 415K [0x0000000090e00000, 0x0000000095900000, 0x00000000daf80000)
  object space 76800K, 0% used [0x0000000090e00000,0x0000000090e67ee8,0x0000000095900000)
 Metaspace       used 8108K, capacity 8316K, committed 8576K, reserved 1056768K
  class space    used 984K, capacity 1052K, committed 1152K, reserved 1048576K
}
Event: 3.494 GC heap before
{Heap before GC invocations=2 (full 0):
 PSYoungGen      total 33280K, used 33277K [0x00000000daf80000, 0x00000000dd480000, 0x0000000100000000)
  eden space 28672K, 100% used [0x00000000daf80000,0x00000000dcb80000,0x00000000dcb80000)
  from space 4608K, 99% used [0x00000000dcb80000,0x00000000dcfff5d8,0x00000000dd000000)
  to   space 4608K, 0% used [0x00000000dd000000,0x00000000dd000000,0x00000000dd480000)
 ParOldGen       total 76800K, used 415K [0x0000000090e00000, 0x0000000095900000, 0x00000000daf80000)
  object space 76800K, 0% used [0x0000000090e00000,0x0000000090e67ee8,0x0000000095900000)
 Metaspace       used 10756K, capacity 10930K, committed 11136K, reserved 1058816K
  class space    used 1314K, capacity 1386K, committed 1408K, reserved 1048576K
Event: 3.534 GC heap after
Heap after GC invocations=2 (full 0):
 PSYoungGen      total 33280K, used 4593K [0x00000000daf80000, 0x00000000df080000, 0x0000000100000000)
  eden space 28672K, 0% used [0x00000000daf80000,0x00000000daf80000,0x00000000dcb80000)
  from space 4608K, 99% used [0x00000000dd000000,0x00000000dd47c680,0x00000000dd480000)
  to   space 4608K, 0% used [0x00000000dcb80000,0x00000000dcb80000,0x00000000dd000000)
 ParOldGen       total 76800K, used 1699K [0x0000000090e00000, 0x0000000095900000, 0x00000000daf80000)
  object space 76800K, 2% used [0x0000000090e00000,0x0000000090fa8d80,0x0000000095900000)
 Metaspace       used 10756K, capacity 10930K, committed 11136K, reserved 1058816K
  class space    used 1314K, capacity 1386K, committed 1408K, reserved 1048576K
}

