# JRE version: OpenJDK Runtime Environment Temurin-17.0.5+8 (17.0.5+8) (build 17.0.5+8)
# Java VM: OpenJDK 64-Bit Server VM Temurin-17.0.5+8 (17.0.5+8, mixed mode, emulated-client, tiered, compressed oops, compressed class ptrs, g1 gc, windows-amd64)
GC Precious Log:
 CPUs: 2 total, 2 available
 Memory: 7108M
 Large Page Support: Disabled
 NUMA Support: Disabled
 Compressed Oops: Enabled (32-bit)
 Heap Region Size: 1M
 Heap Min Capacity: 8M
 Heap Initial Capacity: 112M
 Heap Max Capacity: 1778M
 Pre-touch: Disabled
 Parallel Workers: 2
 Concurrent Workers: 1
 Concurrent Refinement Workers: 2
 Periodic GC: Disabled
Heap:
 garbage-first heap   total 122880K, used 36734K [0x0000000090e00000, 0x0000000100000000)
  region size 1024K, 1 young (1024K), 0 survivors (0K)
 Metaspace       used 54243K, committed 54592K, reserved 1097728K
  class space    used 7198K, committed 7360K, reserved 1048576K
GC Heap History (20 events):
Event: 7705.831 GC heap before
{Heap before GC invocations=448 (full 394):
 garbage-first heap   total 122880K, used 36734K [0x0000000090e00000, 0x0000000100000000)
  region size 1024K, 1 young (1024K), 0 survivors (0K)
 Metaspace       used 54243K, committed 54592K, reserved 1097728K
  class space    used 7198K, committed 7360K, reserved 1048576K
}
Event: 7705.897 GC heap after
{Heap after GC invocations=449 (full 395):
 garbage-first heap   total 122880K, used 36734K [0x0000000090e00000, 0x0000000100000000)
  region size 1024K, 0 young (0K), 0 survivors (0K)
 Metaspace       used 54243K, committed 54592K, reserved 1097728K
  class space    used 7198K, committed 7360K, reserved 1048576K
}
Event: 7716.845 GC heap before
{Heap before GC invocations=449 (full 395):
 garbage-first heap   total 122880K, used 36734K [0x0000000090e00000, 0x0000000100000000)
  region size 1024K, 1 young (1024K), 0 survivors (0K)
 Metaspace       used 54243K, committed 54592K, reserved 1097728K
  class space    used 7198K, committed 7360K, reserved 1048576K
}
Event: 7716.913 GC heap after
{Heap after GC invocations=450 (full 396):
 garbage-first heap   total 122880K, used 36734K [0x0000000090e00000, 0x0000000100000000)
  region size 1024K, 0 young (0K), 0 survivors (0K)
 Metaspace       used 54243K, committed 54592K, reserved 1097728K
  class space    used 7198K, committed 7360K, reserved 1048576K
}
Event: 7727.353 GC heap before
{Heap before GC invocations=450 (full 396):
 garbage-first heap   total 122880K, used 36734K [0x0000000090e00000, 0x0000000100000000)
  region size 1024K, 1 young (1024K), 0 survivors (0K)
 Metaspace       used 54243K, committed 54592K, reserved 1097728K
  class space    used 7198K, committed 7360K, reserved 1048576K
}
Event: 7727.417 GC heap after
{Heap after GC invocations=451 (full 397):
 garbage-first heap   total 122880K, used 36734K [0x0000000090e00000, 0x0000000100000000)
  region size 1024K, 0 young (0K), 0 survivors (0K)
 Metaspace       used 54243K, committed 54592K, reserved 1097728K
  class space    used 7198K, committed 7360K, reserved 1048576K
}
Event: 7737.688 GC heap before
{Heap before GC invocations=451 (full 397):
 garbage-first heap   total 122880K, used 36734K [0x0000000090e00000, 0x0000000100000000)
  region size 1024K, 1 young (1024K), 0 survivors (0K)
 Metaspace       used 54243K, committed 54592K, reserved 1097728K
  class space    used 7198K, committed 7360K, reserved 1048576K
}
Event: 7737.756 GC heap after
{Heap after GC invocations=452 (full 398):
 garbage-first heap   total 122880K, used 36734K [0x0000000090e00000, 0x0000000100000000)
  region size 1024K, 0 young (0K), 0 survivors (0K)
 Metaspace       used 54243K, committed 54592K, reserved 1097728K
  class space    used 7198K, committed 7360K, reserved 1048576K
}
Event: 7748.046 GC heap before
{Heap before GC invocations=452 (full 398):
 garbage-first heap   total 122880K, used 36734K [0x0000000090e00000, 0x0000000100000000)
  region size 1024K, 1 young (1024K), 0 survivors (0K)
 Metaspace       used 54243K, committed 54592K, reserved 1097728K
  class space    used 7198K, committed 7360K, reserved 1048576K
}
Event: 7748.116 GC heap after
{Heap after GC invocations=453 (full 399):
 garbage-first heap   total 122880K, used 36734K [0x0000000090e00000, 0x0000000100000000)
  region size 1024K, 0 young (0K), 0 survivors (0K)
 Metaspace       used 54243K, committed 54592K, reserved 1097728K
  class space    used 7198K, committed 7360K, reserved 1048576K
}
Event: 7788.720 GC heap before
{Heap before GC invocations=453 (full 399):
 garbage-first heap   total 122880K, used 36734K [0x0000000090e00000, 0x0000000100000000)
  region size 1024K, 1 young (1024K), 0 survivors (0K)
 Metaspace       used 54243K, committed 54592K, reserved 1097728K
  class space    used 7198K, committed 7360K, reserved 1048576K
}
Event: 7788.787 GC heap after
{Heap after GC invocations=454 (full 400):
 garbage-first heap   total 122880K, used 36734K [0x0000000090e00000, 0x0000000100000000)
  region size 1024K, 0 young (0K), 0 survivors (0K)
 Metaspace       used 54243K, committed 54592K, reserved 1097728K
  class space    used 7198K, committed 7360K, reserved 1048576K
}
Event: 7799.060 GC heap before
{Heap before GC invocations=454 (full 400):
 garbage-first heap   total 122880K, used 36734K [0x0000000090e00000, 0x0000000100000000)
  region size 1024K, 1 young (1024K), 0 survivors (0K)
 Metaspace       used 54243K, committed 54592K, reserved 1097728K
  class space    used 7198K, committed 7360K, reserved 1048576K
}
Event: 7799.127 GC heap after
{Heap after GC invocations=455 (full 401):
 garbage-first heap   total 122880K, used 36734K [0x0000000090e00000, 0x0000000100000000)
  region size 1024K, 0 young (0K), 0 survivors (0K)
 Metaspace       used 54243K, committed 54592K, reserved 1097728K
  class space    used 7198K, committed 7360K, reserved 1048576K
}
Event: 7809.479 GC heap before
{Heap before GC invocations=455 (full 401):
 garbage-first heap   total 122880K, used 36734K [0x0000000090e00000, 0x0000000100000000)
  region size 1024K, 1 young (1024K), 0 survivors (0K)
 Metaspace       used 54243K, committed 54592K, reserved 1097728K
  class space    used 7198K, committed 7360K, reserved 1048576K
}
Event: 7809.543 GC heap after
{Heap after GC invocations=456 (full 402):
 garbage-first heap   total 122880K, used 36734K [0x0000000090e00000, 0x0000000100000000)
  region size 1024K, 0 young (0K), 0 survivors (0K)
 Metaspace       used 54243K, committed 54592K, reserved 1097728K
  class space    used 7198K, committed 7360K, reserved 1048576K
}
Event: 7849.777 GC heap before
{Heap before GC invocations=456 (full 402):
 garbage-first heap   total 122880K, used 36734K [0x0000000090e00000, 0x0000000100000000)
  region size 1024K, 1 young (1024K), 0 survivors (0K)
 Metaspace       used 54243K, committed 54592K, reserved 1097728K
  class space    used 7198K, committed 7360K, reserved 1048576K
}
Event: 7849.841 GC heap after
{Heap after GC invocations=457 (full 403):
 garbage-first heap   total 122880K, used 36734K [0x0000000090e00000, 0x0000000100000000)
  region size 1024K, 0 young (0K), 0 survivors (0K)
 Metaspace       used 54243K, committed 54592K, reserved 1097728K
  class space    used 7198K, committed 7360K, reserved 1048576K
}
Event: 7860.317 GC heap before
{Heap before GC invocations=457 (full 403):
 garbage-first heap   total 122880K, used 36734K [0x0000000090e00000, 0x0000000100000000)
  region size 1024K, 1 young (1024K), 0 survivors (0K)
 Metaspace       used 54243K, committed 54592K, reserved 1097728K
  class space    used 7198K, committed 7360K, reserved 1048576K
}
Event: 7860.386 GC heap after
{Heap after GC invocations=458 (full 404):
 garbage-first heap   total 122880K, used 36734K [0x0000000090e00000, 0x0000000100000000)
  region size 1024K, 0 young (0K), 0 survivors (0K)
 Metaspace       used 54243K, committed 54592K, reserved 1097728K
  class space    used 7198K, committed 7360K, reserved 1048576K
}

