# JRE version: OpenJDK Runtime Environment Temurin-17.0.5+8 (17.0.5+8) (build 17.0.5+8)
# Java VM: OpenJDK 64-Bit Server VM Temurin-17.0.5+8 (17.0.5+8, mixed mode, emulated-client, tiered, compressed oops, compressed class ptrs, g1 gc, windows-amd64)
GC Precious Log:
 CPUs: 2 total, 2 available
 Memory: 7108M
 Large Page Support: Disabled
 NUMA Support: Disabled
 Compressed Oops: Enabled (32-bit)
 Heap Region Size: 1M
 Heap Min Capacity: 8M
 Heap Initial Capacity: 112M
 Heap Max Capacity: 1778M
 Pre-touch: Disabled
 Parallel Workers: 2
 Concurrent Workers: 1
 Concurrent Refinement Workers: 2
 Periodic GC: Disabled
Heap:
 garbage-first heap   total 122880K, used 36626K [0x0000000090e00000, 0x0000000100000000)
  region size 1024K, 1 young (1024K), 0 survivors (0K)
 Metaspace       used 54094K, committed 54656K, reserved 1097728K
  class space    used 7166K, committed 7424K, reserved 1048576K
GC Heap History (20 events):
Event: 439.982 GC heap before
{Heap before GC invocations=60 (full 9):
 garbage-first heap   total 122880K, used 36626K [0x0000000090e00000, 0x0000000100000000)
  region size 1024K, 1 young (1024K), 0 survivors (0K)
 Metaspace       used 54094K, committed 54656K, reserved 1097728K
  class space    used 7166K, committed 7424K, reserved 1048576K
}
Event: 440.035 GC heap after
{Heap after GC invocations=61 (full 10):
 garbage-first heap   total 122880K, used 36626K [0x0000000090e00000, 0x0000000100000000)
  region size 1024K, 0 young (0K), 0 survivors (0K)
 Metaspace       used 54094K, committed 54656K, reserved 1097728K
  class space    used 7166K, committed 7424K, reserved 1048576K
}
Event: 450.247 GC heap before
{Heap before GC invocations=61 (full 10):
 garbage-first heap   total 122880K, used 36626K [0x0000000090e00000, 0x0000000100000000)
  region size 1024K, 1 young (1024K), 0 survivors (0K)
 Metaspace       used 54094K, committed 54656K, reserved 1097728K
  class space    used 7166K, committed 7424K, reserved 1048576K
}
Event: 450.299 GC heap after
{Heap after GC invocations=62 (full 11):
 garbage-first heap   total 122880K, used 36626K [0x0000000090e00000, 0x0000000100000000)
  region size 1024K, 0 young (0K), 0 survivors (0K)
 Metaspace       used 54094K, committed 54656K, reserved 1097728K
  class space    used 7166K, committed 7424K, reserved 1048576K
}
Event: 460.538 GC heap before
{Heap before GC invocations=62 (full 11):
 garbage-first heap   total 122880K, used 36626K [0x0000000090e00000, 0x0000000100000000)
  region size 1024K, 1 young (1024K), 0 survivors (0K)
 Metaspace       used 54094K, committed 54656K, reserved 1097728K
  class space    used 7166K, committed 7424K, reserved 1048576K
}
Event: 460.591 GC heap after
{Heap after GC invocations=63 (full 12):
 garbage-first heap   total 122880K, used 36626K [0x0000000090e00000, 0x0000000100000000)
  region size 1024K, 0 young (0K), 0 survivors (0K)
 Metaspace       used 54094K, committed 54656K, reserved 1097728K
  class space    used 7166K, committed 7424K, reserved 1048576K
}
Event: 470.832 GC heap before
{Heap before GC invocations=63 (full 12):
 garbage-first heap   total 122880K, used 36626K [0x0000000090e00000, 0x0000000100000000)
  region size 1024K, 1 young (1024K), 0 survivors (0K)
 Metaspace       used 54094K, committed 54656K, reserved 1097728K
  class space    used 7166K, committed 7424K, reserved 1048576K
}
Event: 470.899 GC heap after
{Heap after GC invocations=64 (full 13):
 garbage-first heap   total 122880K, used 36626K [0x0000000090e00000, 0x0000000100000000)
  region size 1024K, 0 young (0K), 0 survivors (0K)
 Metaspace       used 54094K, committed 54656K, reserved 1097728K
  class space    used 7166K, committed 7424K, reserved 1048576K
}
Event: 481.152 GC heap before
{Heap before GC invocations=64 (full 13):
 garbage-first heap   total 122880K, used 36626K [0x0000000090e00000, 0x0000000100000000)
  region size 1024K, 1 young (1024K), 0 survivors (0K)
 Metaspace       used 54094K, committed 54656K, reserved 1097728K
  class space    used 7166K, committed 7424K, reserved 1048576K
}
Event: 481.219 GC heap after
{Heap after GC invocations=65 (full 14):
 garbage-first heap   total 122880K, used 36626K [0x0000000090e00000, 0x0000000100000000)
  region size 1024K, 0 young (0K), 0 survivors (0K)
 Metaspace       used 54094K, committed 54656K, reserved 1097728K
  class space    used 7166K, committed 7424K, reserved 1048576K
}
Event: 491.599 GC heap before
{Heap before GC invocations=65 (full 14):
 garbage-first heap   total 122880K, used 36626K [0x0000000090e00000, 0x0000000100000000)
  region size 1024K, 1 young (1024K), 0 survivors (0K)
 Metaspace       used 54094K, committed 54656K, reserved 1097728K
  class space    used 7166K, committed 7424K, reserved 1048576K
}
Event: 491.663 GC heap after
{Heap after GC invocations=66 (full 15):
 garbage-first heap   total 122880K, used 36626K [0x0000000090e00000, 0x0000000100000000)
  region size 1024K, 0 young (0K), 0 survivors (0K)
 Metaspace       used 54094K, committed 54656K, reserved 1097728K
  class space    used 7166K, committed 7424K, reserved 1048576K
}
Event: 502.205 GC heap before
{Heap before GC invocations=66 (full 15):
 garbage-first heap   total 122880K, used 36626K [0x0000000090e00000, 0x0000000100000000)
  region size 1024K, 1 young (1024K), 0 survivors (0K)
 Metaspace       used 54094K, committed 54656K, reserved 1097728K
  class space    used 7166K, committed 7424K, reserved 1048576K
}
Event: 502.276 GC heap after
{Heap after GC invocations=67 (full 16):
 garbage-first heap   total 122880K, used 36626K [0x0000000090e00000, 0x0000000100000000)
  region size 1024K, 0 young (0K), 0 survivors (0K)
 Metaspace       used 54094K, committed 54656K, reserved 1097728K
  class space    used 7166K, committed 7424K, reserved 1048576K
}
Event: 512.740 GC heap before
{Heap before GC invocations=67 (full 16):
 garbage-first heap   total 122880K, used 36626K [0x0000000090e00000, 0x0000000100000000)
  region size 1024K, 1 young (1024K), 0 survivors (0K)
 Metaspace       used 54094K, committed 54656K, reserved 1097728K
  class space    used 7166K, committed 7424K, reserved 1048576K
}
Event: 512.809 GC heap after
{Heap after GC invocations=68 (full 17):
 garbage-first heap   total 122880K, used 36626K [0x0000000090e00000, 0x0000000100000000)
  region size 1024K, 0 young (0K), 0 survivors (0K)
 Metaspace       used 54094K, committed 54656K, reserved 1097728K
  class space    used 7166K, committed 7424K, reserved 1048576K
}
Event: 525.185 GC heap before
{Heap before GC invocations=68 (full 17):
 garbage-first heap   total 122880K, used 36626K [0x0000000090e00000, 0x0000000100000000)
  region size 1024K, 1 young (1024K), 0 survivors (0K)
 Metaspace       used 54094K, committed 54656K, reserved 1097728K
  class space    used 7166K, committed 7424K, reserved 1048576K
}
Event: 525.246 GC heap after
{Heap after GC invocations=69 (full 18):
 garbage-first heap   total 122880K, used 36626K [0x0000000090e00000, 0x0000000100000000)
  region size 1024K, 0 young (0K), 0 survivors (0K)
 Metaspace       used 54094K, committed 54656K, reserved 1097728K
  class space    used 7166K, committed 7424K, reserved 1048576K
}
Event: 535.645 GC heap before
{Heap before GC invocations=69 (full 18):
 garbage-first heap   total 122880K, used 36626K [0x0000000090e00000, 0x0000000100000000)
  region size 1024K, 1 young (1024K), 0 survivors (0K)
 Metaspace       used 54094K, committed 54656K, reserved 1097728K
  class space    used 7166K, committed 7424K, reserved 1048576K
}
Event: 535.708 GC heap after
{Heap after GC invocations=70 (full 19):
 garbage-first heap   total 122880K, used 36626K [0x0000000090e00000, 0x0000000100000000)
  region size 1024K, 0 young (0K), 0 survivors (0K)
 Metaspace       used 54094K, committed 54656K, reserved 1097728K
  class space    used 7166K, committed 7424K, reserved 1048576K
}

