# JRE version: OpenJDK Runtime Environment Temurin-17.0.5+8 (17.0.5+8) (build 17.0.5+8)
# Java VM: OpenJDK 64-Bit Server VM Temurin-17.0.5+8 (17.0.5+8, mixed mode, emulated-client, tiered, compressed oops, compressed class ptrs, g1 gc, windows-amd64)
GC Precious Log:
 CPUs: 2 total, 2 available
 Memory: 7108M
 Large Page Support: Disabled
 NUMA Support: Disabled
 Compressed Oops: Enabled (32-bit)
 Heap Region Size: 1M
 Heap Min Capacity: 8M
 Heap Initial Capacity: 112M
 Heap Max Capacity: 1778M
 Pre-touch: Disabled
 Parallel Workers: 2
 Concurrent Workers: 1
 Concurrent Refinement Workers: 2
 Periodic GC: Disabled
Heap:
 garbage-first heap   total 119808K, used 36403K [0x0000000090e00000, 0x0000000100000000)
  region size 1024K, 1 young (1024K), 0 survivors (0K)
 Metaspace       used 52969K, committed 53376K, reserved 1097728K
  class space    used 7024K, committed 7232K, reserved 1048576K
GC Heap History (20 events):
Event: 4242.662 GC heap before
{Heap before GC invocations=312 (full 272):
 garbage-first heap   total 119808K, used 36403K [0x0000000090e00000, 0x0000000100000000)
  region size 1024K, 1 young (1024K), 0 survivors (0K)
 Metaspace       used 52969K, committed 53376K, reserved 1097728K
  class space    used 7024K, committed 7232K, reserved 1048576K
}
Event: 4242.726 GC heap after
{Heap after GC invocations=313 (full 273):
 garbage-first heap   total 119808K, used 36403K [0x0000000090e00000, 0x0000000100000000)
  region size 1024K, 0 young (0K), 0 survivors (0K)
 Metaspace       used 52969K, committed 53376K, reserved 1097728K
  class space    used 7024K, committed 7232K, reserved 1048576K
}
Event: 4253.991 GC heap before
{Heap before GC invocations=313 (full 273):
 garbage-first heap   total 119808K, used 36403K [0x0000000090e00000, 0x0000000100000000)
  region size 1024K, 1 young (1024K), 0 survivors (0K)
 Metaspace       used 52969K, committed 53376K, reserved 1097728K
  class space    used 7024K, committed 7232K, reserved 1048576K
}
Event: 4254.052 GC heap after
{Heap after GC invocations=314 (full 274):
 garbage-first heap   total 119808K, used 36403K [0x0000000090e00000, 0x0000000100000000)
  region size 1024K, 0 young (0K), 0 survivors (0K)
 Metaspace       used 52969K, committed 53376K, reserved 1097728K
  class space    used 7024K, committed 7232K, reserved 1048576K
}
Event: 4264.428 GC heap before
{Heap before GC invocations=314 (full 274):
 garbage-first heap   total 119808K, used 36403K [0x0000000090e00000, 0x0000000100000000)
  region size 1024K, 1 young (1024K), 0 survivors (0K)
 Metaspace       used 52969K, committed 53376K, reserved 1097728K
  class space    used 7024K, committed 7232K, reserved 1048576K
}
Event: 4264.488 GC heap after
{Heap after GC invocations=315 (full 275):
 garbage-first heap   total 119808K, used 36403K [0x0000000090e00000, 0x0000000100000000)
  region size 1024K, 0 young (0K), 0 survivors (0K)
 Metaspace       used 52969K, committed 53376K, reserved 1097728K
  class space    used 7024K, committed 7232K, reserved 1048576K
}
Event: 4275.547 GC heap before
{Heap before GC invocations=315 (full 275):
 garbage-first heap   total 119808K, used 36403K [0x0000000090e00000, 0x0000000100000000)
  region size 1024K, 1 young (1024K), 0 survivors (0K)
 Metaspace       used 52969K, committed 53376K, reserved 1097728K
  class space    used 7024K, committed 7232K, reserved 1048576K
}
Event: 4275.611 GC heap after
{Heap after GC invocations=316 (full 276):
 garbage-first heap   total 119808K, used 36403K [0x0000000090e00000, 0x0000000100000000)
  region size 1024K, 0 young (0K), 0 survivors (0K)
 Metaspace       used 52969K, committed 53376K, reserved 1097728K
  class space    used 7024K, committed 7232K, reserved 1048576K
}
Event: 4285.958 GC heap before
{Heap before GC invocations=316 (full 276):
 garbage-first heap   total 119808K, used 36403K [0x0000000090e00000, 0x0000000100000000)
  region size 1024K, 1 young (1024K), 0 survivors (0K)
 Metaspace       used 52969K, committed 53376K, reserved 1097728K
  class space    used 7024K, committed 7232K, reserved 1048576K
}
Event: 4286.029 GC heap after
{Heap after GC invocations=317 (full 277):
 garbage-first heap   total 119808K, used 36403K [0x0000000090e00000, 0x0000000100000000)
  region size 1024K, 0 young (0K), 0 survivors (0K)
 Metaspace       used 52969K, committed 53376K, reserved 1097728K
  class space    used 7024K, committed 7232K, reserved 1048576K
}
Event: 4296.285 GC heap before
{Heap before GC invocations=317 (full 277):
 garbage-first heap   total 119808K, used 36403K [0x0000000090e00000, 0x0000000100000000)
  region size 1024K, 1 young (1024K), 0 survivors (0K)
 Metaspace       used 52969K, committed 53376K, reserved 1097728K
  class space    used 7024K, committed 7232K, reserved 1048576K
}
Event: 4296.341 GC heap after
{Heap after GC invocations=318 (full 278):
 garbage-first heap   total 119808K, used 36403K [0x0000000090e00000, 0x0000000100000000)
  region size 1024K, 0 young (0K), 0 survivors (0K)
 Metaspace       used 52969K, committed 53376K, reserved 1097728K
  class space    used 7024K, committed 7232K, reserved 1048576K
}
Event: 4306.588 GC heap before
{Heap before GC invocations=318 (full 278):
 garbage-first heap   total 119808K, used 36403K [0x0000000090e00000, 0x0000000100000000)
  region size 1024K, 1 young (1024K), 0 survivors (0K)
 Metaspace       used 52969K, committed 53376K, reserved 1097728K
  class space    used 7024K, committed 7232K, reserved 1048576K
}
Event: 4306.645 GC heap after
{Heap after GC invocations=319 (full 279):
 garbage-first heap   total 119808K, used 36403K [0x0000000090e00000, 0x0000000100000000)
  region size 1024K, 0 young (0K), 0 survivors (0K)
 Metaspace       used 52969K, committed 53376K, reserved 1097728K
  class space    used 7024K, committed 7232K, reserved 1048576K
}
Event: 4317.289 GC heap before
{Heap before GC invocations=319 (full 279):
 garbage-first heap   total 119808K, used 36403K [0x0000000090e00000, 0x0000000100000000)
  region size 1024K, 1 young (1024K), 0 survivors (0K)
 Metaspace       used 52969K, committed 53376K, reserved 1097728K
  class space    used 7024K, committed 7232K, reserved 1048576K
}
Event: 4317.348 GC heap after
{Heap after GC invocations=320 (full 280):
 garbage-first heap   total 119808K, used 36403K [0x0000000090e00000, 0x0000000100000000)
  region size 1024K, 0 young (0K), 0 survivors (0K)
 Metaspace       used 52969K, committed 53376K, reserved 1097728K
  class space    used 7024K, committed 7232K, reserved 1048576K
}
Event: 4327.597 GC heap before
{Heap before GC invocations=320 (full 280):
 garbage-first heap   total 119808K, used 36403K [0x0000000090e00000, 0x0000000100000000)
  region size 1024K, 1 young (1024K), 0 survivors (0K)
 Metaspace       used 52969K, committed 53376K, reserved 1097728K
  class space    used 7024K, committed 7232K, reserved 1048576K
}
Event: 4327.655 GC heap after
{Heap after GC invocations=321 (full 281):
 garbage-first heap   total 119808K, used 36403K [0x0000000090e00000, 0x0000000100000000)
  region size 1024K, 0 young (0K), 0 survivors (0K)
 Metaspace       used 52969K, committed 53376K, reserved 1097728K
  class space    used 7024K, committed 7232K, reserved 1048576K
}
Event: 4338.085 GC heap before
{Heap before GC invocations=321 (full 281):
 garbage-first heap   total 119808K, used 36403K [0x0000000090e00000, 0x0000000100000000)
  region size 1024K, 1 young (1024K), 0 survivors (0K)
 Metaspace       used 52969K, committed 53376K, reserved 1097728K
  class space    used 7024K, committed 7232K, reserved 1048576K
}
Event: 4338.149 GC heap after
{Heap after GC invocations=322 (full 282):
 garbage-first heap   total 119808K, used 36403K [0x0000000090e00000, 0x0000000100000000)
  region size 1024K, 0 young (0K), 0 survivors (0K)
 Metaspace       used 52969K, committed 53376K, reserved 1097728K
  class space    used 7024K, committed 7232K, reserved 1048576K
}

